2019-01-21 15:35:53.811  INFO 11704 --- [restartedMain] c.jza.spring_test.SpringTestApplication  : Starting SpringTestApplication on SKY-20181022UJA with PID 11704 (D:\workspace\spring_test\target\classes started by Administrator in D:\workspace\spring_test)
2019-01-21 15:35:53.839  INFO 11704 --- [restartedMain] c.jza.spring_test.SpringTestApplication  : No active profile set, falling back to default profiles: default
2019-01-21 15:35:54.254  INFO 11704 --- [restartedMain] .e.DevToolsPropertyDefaultsPostProcessor : Devtools property defaults active! Set 'spring.devtools.add-properties' to 'false' to disable
2019-01-21 15:35:54.255  INFO 11704 --- [restartedMain] .e.DevToolsPropertyDefaultsPostProcessor : For additional web related logging consider setting the 'logging.level.web' property to 'DEBUG'
2019-01-21 15:35:58.234  INFO 11704 --- [restartedMain] .s.d.r.c.RepositoryConfigurationDelegate : Multiple Spring Data modules found, entering strict repository configuration mode!
2019-01-21 15:35:58.238  INFO 11704 --- [restartedMain] .s.d.r.c.RepositoryConfigurationDelegate : Bootstrapping Spring Data repositories in DEFAULT mode.
2019-01-21 15:35:58.461  INFO 11704 --- [restartedMain] .RepositoryConfigurationExtensionSupport : Spring Data JPA - Could not safely identify store assignment for repository candidate interface com.jza.spring_test.mongo.dao.MongoPersonRepository.
2019-01-21 15:35:58.521  INFO 11704 --- [restartedMain] .s.d.r.c.RepositoryConfigurationDelegate : Finished Spring Data repository scanning in 243ms. Found 1 repository interfaces.
2019-01-21 15:35:58.642  INFO 11704 --- [restartedMain] .s.d.r.c.RepositoryConfigurationDelegate : Multiple Spring Data modules found, entering strict repository configuration mode!
2019-01-21 15:35:58.642  INFO 11704 --- [restartedMain] .s.d.r.c.RepositoryConfigurationDelegate : Bootstrapping Spring Data repositories in DEFAULT mode.
2019-01-21 15:35:58.706  INFO 11704 --- [restartedMain] .RepositoryConfigurationExtensionSupport : Spring Data MongoDB - Could not safely identify store assignment for repository candidate interface com.jza.spring_test.jpa.dao.PersonRepository.
2019-01-21 15:35:58.732  INFO 11704 --- [restartedMain] .s.d.r.c.RepositoryConfigurationDelegate : Finished Spring Data repository scanning in 90ms. Found 1 repository interfaces.
2019-01-21 15:35:59.889  INFO 11704 --- [restartedMain] trationDelegate$BeanPostProcessorChecker : Bean 'org.springframework.transaction.annotation.ProxyTransactionManagementConfiguration' of type [org.springframework.transaction.annotation.ProxyTransactionManagementConfiguration$$EnhancerBySpringCGLIB$$aefc77b8] is not eligible for getting processed by all BeanPostProcessors (for example: not eligible for auto-proxying)
2019-01-21 15:36:00.215  INFO 11704 --- [restartedMain] trationDelegate$BeanPostProcessorChecker : Bean 'org.springframework.hateoas.config.HateoasConfiguration' of type [org.springframework.hateoas.config.HateoasConfiguration$$EnhancerBySpringCGLIB$$2e7cc4ea] is not eligible for getting processed by all BeanPostProcessors (for example: not eligible for auto-proxying)
2019-01-21 15:36:01.981  INFO 11704 --- [restartedMain] o.s.b.w.embedded.tomcat.TomcatWebServer  : Tomcat initialized with port(s): 8080 (http)
2019-01-21 15:36:02.061  INFO 11704 --- [restartedMain] o.apache.catalina.core.StandardService   : Starting service [Tomcat]
2019-01-21 15:36:02.061  INFO 11704 --- [restartedMain] org.apache.catalina.core.StandardEngine  : Starting Servlet Engine: Apache Tomcat/9.0.12
2019-01-21 15:36:02.088  INFO 11704 --- [restartedMain] o.a.catalina.core.AprLifecycleListener   : The APR based Apache Tomcat Native library which allows optimal performance in production environments was not found on the java.library.path: [D:\jdk8\bin;C:\Windows\Sun\Java\bin;C:\Windows\system32;C:\Windows;C:\Windows\system32;C:\Windows;C:\Windows\System32\Wbem;C:\Windows\System32\WindowsPowerShell\v1.0\;C:\Windows\System32\OpenSSH\;C:\Program Files\Git\cmd;D:\jdk8\bin;D:\jdk8\jre\bin;D:\gradle-5.0-rc-5\bin;C:\Users\Administrator\AppData\Local\Microsoft\WindowsApps;;D:\Boot2Docker for Windows;.]
2019-01-21 15:36:02.372  INFO 11704 --- [restartedMain] o.a.c.c.C.[Tomcat].[localhost].[/]       : Initializing Spring embedded WebApplicationContext
2019-01-21 15:36:02.372  INFO 11704 --- [restartedMain] o.s.web.context.ContextLoader            : Root WebApplicationContext: initialization completed in 8117 ms
2019-01-21 15:36:02.608  INFO 11704 --- [restartedMain] o.s.b.w.servlet.ServletRegistrationBean  : Servlet dispatcherServlet mapped to [/]
2019-01-21 15:36:02.617  INFO 11704 --- [restartedMain] o.s.b.w.servlet.FilterRegistrationBean   : Mapping filter: 'characterEncodingFilter' to: [/*]
2019-01-21 15:36:02.617  INFO 11704 --- [restartedMain] o.s.b.w.servlet.FilterRegistrationBean   : Mapping filter: 'hiddenHttpMethodFilter' to: [/*]
2019-01-21 15:36:02.617  INFO 11704 --- [restartedMain] o.s.b.w.servlet.FilterRegistrationBean   : Mapping filter: 'formContentFilter' to: [/*]
2019-01-21 15:36:02.617  INFO 11704 --- [restartedMain] o.s.b.w.servlet.FilterRegistrationBean   : Mapping filter: 'requestContextFilter' to: [/*]
2019-01-21 15:36:03.457  INFO 11704 --- [restartedMain] com.zaxxer.hikari.HikariDataSource       : HikariPool-1 - Starting...
2019-01-21 15:36:03.862  INFO 11704 --- [restartedMain] com.zaxxer.hikari.HikariDataSource       : HikariPool-1 - Start completed.
2019-01-21 15:36:04.120  INFO 11704 --- [restartedMain] o.hibernate.jpa.internal.util.LogHelper  : HHH000204: Processing PersistenceUnitInfo [
	name: default
	...]
2019-01-21 15:36:04.418  INFO 11704 --- [restartedMain] org.hibernate.Version                    : HHH000412: Hibernate Core {5.3.7.Final}
2019-01-21 15:36:04.421  INFO 11704 --- [restartedMain] org.hibernate.cfg.Environment            : HHH000206: hibernate.properties not found
2019-01-21 15:36:05.192  INFO 11704 --- [restartedMain] o.hibernate.annotations.common.Version   : HCANN000001: Hibernate Commons Annotations {5.0.4.Final}
2019-01-21 15:36:05.995  INFO 11704 --- [restartedMain] org.hibernate.dialect.Dialect            : HHH000400: Using dialect: org.hibernate.dialect.MySQL5Dialect
2019-01-21 15:36:08.056  INFO 11704 --- [restartedMain] o.h.h.i.QueryTranslatorFactoryInitiator  : HHH000397: Using ASTQueryTranslatorFactory
2019-01-21 15:36:08.613  INFO 11704 --- [restartedMain] j.LocalContainerEntityManagerFactoryBean : Initialized JPA EntityManagerFactory for persistence unit 'default'
2019-01-21 15:36:08.715  INFO 11704 --- [restartedMain] o.s.b.d.a.OptionalLiveReloadServer       : LiveReload server is running on port 35729
2019-01-21 15:36:13.116  INFO 11704 --- [restartedMain] org.mongodb.driver.cluster               : Cluster created with settings {hosts=[120.79.188.233:27017], mode=SINGLE, requiredClusterType=UNKNOWN, serverSelectionTimeout='30000 ms', maxWaitQueueSize=500}
2019-01-21 15:36:13.304  INFO 11704 --- [cluster-ClusterId{value='5c45766d6709d72db8f55c4e', description='null'}-120.79.188.233:27017] org.mongodb.driver.connection            : Opened connection [connectionId{localValue:1, serverValue:193}] to 120.79.188.233:27017
2019-01-21 15:36:13.328  INFO 11704 --- [cluster-ClusterId{value='5c45766d6709d72db8f55c4e', description='null'}-120.79.188.233:27017] org.mongodb.driver.cluster               : Monitor thread successfully connected to server with description ServerDescription{address=120.79.188.233:27017, type=STANDALONE, state=CONNECTED, ok=true, version=ServerVersion{versionList=[4, 0, 4]}, minWireVersion=0, maxWireVersion=7, maxDocumentSize=16777216, logicalSessionTimeoutMinutes=30, roundTripTimeNanos=16234675}
2019-01-21 15:36:14.502  INFO 11704 --- [restartedMain] o.s.s.concurrent.ThreadPoolTaskExecutor  : Initializing ExecutorService 'clientInboundChannelExecutor'
2019-01-21 15:36:14.578  INFO 11704 --- [restartedMain] o.s.s.concurrent.ThreadPoolTaskExecutor  : Initializing ExecutorService 'clientOutboundChannelExecutor'
2019-01-21 15:36:15.551  INFO 11704 --- [restartedMain] o.s.s.c.ThreadPoolTaskScheduler          : Initializing ExecutorService 'messageBrokerTaskScheduler'
2019-01-21 15:36:15.853  INFO 11704 --- [restartedMain] o.s.s.concurrent.ThreadPoolTaskExecutor  : Initializing ExecutorService 'brokerChannelExecutor'
2019-01-21 15:36:16.956  WARN 11704 --- [restartedMain] aWebConfiguration$JpaWebMvcConfiguration : spring.jpa.open-in-view is enabled by default. Therefore, database queries may be performed during view rendering. Explicitly configure spring.jpa.open-in-view to disable this warning
2019-01-21 15:36:17.526  INFO 11704 --- [restartedMain] o.s.b.a.w.s.WelcomePageHandlerMapping    : Adding welcome page template: index
2019-01-21 15:36:18.545  INFO 11704 --- [restartedMain] o.s.m.s.b.SimpleBrokerMessageHandler     : Starting...
2019-01-21 15:36:18.547  INFO 11704 --- [restartedMain] o.s.m.s.b.SimpleBrokerMessageHandler     : BrokerAvailabilityEvent[available=true, SimpleBrokerMessageHandler [DefaultSubscriptionRegistry[cache[0 destination(s)], registry[0 sessions]]]]
2019-01-21 15:36:18.548  INFO 11704 --- [restartedMain] o.s.m.s.b.SimpleBrokerMessageHandler     : Started.
2019-01-21 15:36:18.617  INFO 11704 --- [restartedMain] o.s.b.w.embedded.tomcat.TomcatWebServer  : Tomcat started on port(s): 8080 (http) with context path ''
2019-01-21 15:36:18.623  INFO 11704 --- [restartedMain] c.jza.spring_test.SpringTestApplication  : Started SpringTestApplication in 30.111 seconds (JVM running for 32.012)
